2025-08-06 18:27:28,502 - VonageNumbersAPI - INFO - Credentials set for API key: 634ce15b...
2025-08-06 18:27:28,503 - VonageNumbersAPI - INFO - Making GET request to https://rest.nexmo.com/account/numbers
2025-08-06 18:27:29,054 - VonageNumbersAPI - INFO - Response status: 200
2025-08-06 18:27:29,054 - VonageNumbersAPI - INFO - Request successful
2025-08-06 18:27:53,178 - VonageNumbersAPI - INFO - Making GET request to https://rest.nexmo.com/number/search
2025-08-06 18:27:53,178 - VonageNumbersAPI - INFO - Parameters: {'country': 'US', 'size': 30}
2025-08-06 18:27:56,540 - VonageNumbersAPI - INFO - Response status: 200
2025-08-06 18:27:56,540 - VonageNumbersAPI - INFO - Request successful
2025-08-06 18:28:06,002 - VonageNumbersAPI - INFO - Making GET request to https://api.nexmo.com/accounts/634ce15b/subaccounts
2025-08-06 18:28:07,061 - VonageNumbersAPI - INFO - Response status: 200
2025-08-06 18:28:07,061 - VonageNumbersAPI - INFO - Request successful
2025-08-06 18:29:07,382 - VonageNumbersAPI - INFO - Making GET request to https://api.nexmo.com/accounts/634ce15b/subaccounts
2025-08-06 18:29:09,307 - VonageNumbersAPI - INFO - Response status: 200
2025-08-06 18:29:09,308 - VonageNumbersAPI - INFO - Request successful
2025-08-06 18:29:22,722 - VonageNumbersAPI - INFO - Making POST request to https://rest.nexmo.com/number/buy
2025-08-06 18:29:22,724 - VonageNumbersAPI - INFO - Buying number: 12064105759 in US
2025-08-06 18:29:26,938 - VonageNumbersAPI - INFO - Response status: 200
2025-08-06 18:29:26,939 - VonageNumbersAPI - INFO - Purchase request successful
2025-08-06 18:29:26,941 - VonageNumbersAPI - INFO - Making POST request to https://rest.nexmo.com/number/buy
2025-08-06 18:29:26,941 - VonageNumbersAPI - INFO - Buying number: 12064186753 in US
2025-08-06 18:29:29,826 - VonageNumbersAPI - INFO - Response status: 420
2025-08-06 18:29:29,826 - VonageNumbersAPI - ERROR - API Error: 420 - {"error-code":"420","error-code-label":"method failed"}
2025-08-06 18:29:29,828 - VonageNumbersAPI - INFO - Making POST request to https://rest.nexmo.com/number/buy
2025-08-06 18:29:29,829 - VonageNumbersAPI - INFO - Buying number: 12064243879 in US
2025-08-06 18:29:32,749 - VonageNumbersAPI - INFO - Response status: 420
2025-08-06 18:29:32,751 - VonageNumbersAPI - ERROR - API Error: 420 - {"error-code":"420","error-code-label":"method failed"}
2025-08-06 18:29:34,776 - VonageNumbersAPI - INFO - Making GET request to https://rest.nexmo.com/account/numbers
2025-08-06 18:29:35,334 - VonageNumbersAPI - INFO - Response status: 200
2025-08-06 18:29:35,335 - VonageNumbersAPI - INFO - Request successful
2025-08-06 18:29:41,967 - VonageNumbersAPI - INFO - Making GET request to https://rest.nexmo.com/account/numbers
2025-08-06 18:29:42,479 - VonageNumbersAPI - INFO - Response status: 200
2025-08-06 18:29:42,480 - VonageNumbersAPI - INFO - Request successful
2025-08-06 18:30:47,020 - VonageNumbersAPI - INFO - Making POST request to https://rest.nexmo.com/number/cancel
2025-08-06 18:30:47,021 - VonageNumbersAPI - INFO - Cancelling number: 12064105759 in US
2025-08-06 18:30:49,293 - VonageNumbersAPI - INFO - Response status: 200
2025-08-06 18:30:49,293 - VonageNumbersAPI - INFO - Cancellation request successful
2025-08-06 18:30:51,308 - VonageNumbersAPI - INFO - Making GET request to https://rest.nexmo.com/account/numbers
2025-08-06 18:30:51,808 - VonageNumbersAPI - INFO - Response status: 200
2025-08-06 18:30:51,808 - VonageNumbersAPI - INFO - Request successful
2025-08-06 18:31:36,561 - VonageNumbersAPI - INFO - Making GET request to https://rest.nexmo.com/number/search
2025-08-06 18:31:36,563 - VonageNumbersAPI - INFO - Parameters: {'country': 'US', 'size': 30}
2025-08-06 18:31:40,137 - VonageNumbersAPI - INFO - Response status: 200
2025-08-06 18:31:40,137 - VonageNumbersAPI - INFO - Request successful
2025-08-06 18:31:43,217 - VonageNumbersAPI - INFO - Making GET request to https://rest.nexmo.com/number/search
2025-08-06 18:31:43,217 - VonageNumbersAPI - INFO - Parameters: {'country': 'CA', 'size': 30}
2025-08-06 18:31:45,483 - VonageNumbersAPI - INFO - Response status: 200
2025-08-06 18:31:45,483 - VonageNumbersAPI - INFO - Request successful
2025-08-06 18:31:49,087 - VonageNumbersAPI - INFO - Making GET request to https://api.nexmo.com/accounts/634ce15b/subaccounts
2025-08-06 18:31:50,023 - VonageNumbersAPI - INFO - Response status: 200
2025-08-06 18:31:50,024 - VonageNumbersAPI - INFO - Request successful
2025-08-06 18:31:51,757 - VonageNumbersAPI - INFO - Making POST request to https://rest.nexmo.com/number/buy
2025-08-06 18:31:51,757 - VonageNumbersAPI - INFO - Buying number: 12044107991 in CA
2025-08-06 18:31:55,812 - VonageNumbersAPI - INFO - Response status: 200
2025-08-06 18:31:55,812 - VonageNumbersAPI - INFO - Purchase request successful
2025-08-06 18:31:55,815 - VonageNumbersAPI - INFO - Making POST request to https://rest.nexmo.com/number/buy
2025-08-06 18:31:55,815 - VonageNumbersAPI - INFO - Buying number: 12046500077 in CA
2025-08-06 18:31:59,208 - VonageNumbersAPI - INFO - Response status: 200
2025-08-06 18:31:59,210 - VonageNumbersAPI - INFO - Purchase request successful
2025-08-06 18:31:59,212 - VonageNumbersAPI - INFO - Making POST request to https://rest.nexmo.com/number/buy
2025-08-06 18:31:59,213 - VonageNumbersAPI - INFO - Buying number: 12046500079 in CA
2025-08-06 18:32:02,744 - VonageNumbersAPI - INFO - Response status: 200
2025-08-06 18:32:02,744 - VonageNumbersAPI - INFO - Purchase request successful
2025-08-06 18:32:04,767 - VonageNumbersAPI - INFO - Making GET request to https://rest.nexmo.com/account/numbers
2025-08-06 18:32:05,282 - VonageNumbersAPI - INFO - Response status: 200
2025-08-06 18:32:05,283 - VonageNumbersAPI - INFO - Request successful
2025-08-06 18:32:28,299 - VonageNumbersAPI - INFO - Making GET request to https://api.nexmo.com/accounts/634ce15b/subaccounts
2025-08-06 18:32:30,187 - VonageNumbersAPI - INFO - Response status: 200
2025-08-06 18:32:30,187 - VonageNumbersAPI - INFO - Request successful
